<?xml version="1.0" encoding="UTF-8"?>
<!-- Generated by org.testng.reporters.JUnitReportReporter -->
<testsuite hostname="faizejafri-Vostro-15-3568" name="com.qait.tests.HomepageTest" tests="9" failures="0" timestamp="26 Mar 2021 07:11:58 GMT" time="26.763" errors="0">
  <testcase name="verify_CreateNewAssessment_link" time="0.657" classname="com.qait.tests.HomepageTest"/>
  <testcase name="verify_CreateNewNotifications_link" time="0.579" classname="com.qait.tests.HomepageTest"/>
  <testcase name="verify_CreateLiveClass_link" time="1.005" classname="com.qait.tests.HomepageTest"/>
  <testcase name="Login" time="21.447" classname="com.qait.tests.HomepageTest"/>
  <testcase name="verify_CreateHomework_link" time="1.004" classname="com.qait.tests.HomepageTest"/>
  <testcase name="verify_Home_Tab_links" time="0.364" classname="com.qait.tests.HomepageTest"/>
  <testcase name="verify_SideLinks_are_present" time="0.455" classname="com.qait.tests.HomepageTest"/>
  <testcase name="verify_Learnflix_logo" time="0.101" classname="com.qait.tests.HomepageTest"/>
  <testcase name="verify_Profile_Dropdown" time="1.151" classname="com.qait.tests.HomepageTest"/>
</testsuite> <!-- com.qait.tests.HomepageTest -->
