<?xml version="1.0" encoding="UTF-8"?>
<!-- Generated by org.testng.reporters.JUnitReportReporter -->
<testsuite hostname="faizejafri-Vostro-15-3568" name="com.qait.tests.LiveClassesTest" tests="6" failures="0" timestamp="19 Mar 2021 09:56:41 GMT" time="51.046" errors="0">
  <testcase name="verify_RightSide_tabs" time="4.696" classname="com.qait.tests.LiveClassesTest"/>
  <testcase name="Verify_LiveClasses_page" time="1.531" classname="com.qait.tests.LiveClassesTest"/>
  <testcase name="Login" time="32.480" classname="com.qait.tests.LiveClassesTest"/>
  <testcase name="verify_dropdown_LiveClassesFields" time="1.053" classname="com.qait.tests.LiveClassesTest"/>
  <testcase name="sendDate" time="1.375" classname="com.qait.tests.LiveClassesTest"/>
  <testcase name="verify_input_LiveClassesFields" time="9.911" classname="com.qait.tests.LiveClassesTest"/>
</testsuite> <!-- com.qait.tests.LiveClassesTest -->
