<?xml version="1.0" encoding="UTF-8"?>
<!-- Generated by org.testng.reporters.JUnitReportReporter -->
<testsuite hostname="faizejafri-Vostro-15-3568" name="com.qait.tests.NotificationsTest" tests="2" failures="0" timestamp="19 Mar 2021 11:41:57 GMT" time="58.259" errors="0">
  <testcase name="verify_Newly_Notification_Sent_isDisplayed_on_Homepage_and_at_StudentEnd" time="32.411" classname="com.qait.tests.NotificationsTest"/>
  <testcase name="Login" time="25.848" classname="com.qait.tests.NotificationsTest"/>
</testsuite> <!-- com.qait.tests.NotificationsTest -->
