<?xml version="1.0" encoding="UTF-8"?>
<!-- Generated by org.testng.reporters.JUnitReportReporter -->
<testsuite hostname="faizejafri-Vostro-15-3568" name="com.qait.tests.HomeworkTest" tests="21" failures="0" timestamp="25 Mar 2021 04:48:23 GMT" time="251.809" errors="0">
  <testcase name="verify_that_user_is_able_to_PickQuestions" time="16.246" classname="com.qait.tests.HomeworkTest"/>
  <testcase name="verify_CreateHomework_link_redirects_Correctly" time="5.495" classname="com.qait.tests.HomeworkTest"/>
  <testcase name="verify_that_ImportFromQuestionBank_opens_aPopup_with_3_fields" time="9.730" classname="com.qait.tests.HomeworkTest"/>
  <testcase name="verify_that_noOfQuestions_picked_are_added_inHomework" time="21.933" classname="com.qait.tests.HomeworkTest"/>
  <testcase name="Verify_Homework_Page" time="0.607" classname="com.qait.tests.HomeworkTest"/>
  <testcase name="verify_user_is_able_to_select_fromDropdown" time="13.243" classname="com.qait.tests.HomeworkTest"/>
  <testcase name="verify_Next_Button" time="0.082" classname="com.qait.tests.HomeworkTest"/>
  <testcase name="verify_Selecting_Assignment_as_HomeworkType_redirects_user_to_CorrectPage" time="8.241" classname="com.qait.tests.HomeworkTest"/>
  <testcase name="verify_user_is_able_to_EnterData_in_CreateQuiz_Fields" time="8.739" classname="com.qait.tests.HomeworkTest"/>
  <testcase name="Verify_Fields_CreateHomework" time="0.954" classname="com.qait.tests.HomeworkTest"/>
  <testcase name="verify_Selecting_Quiz_as_HomeworkType_redirects_user_to_CorrectPage" time="8.700" classname="com.qait.tests.HomeworkTest"/>
  <testcase name="verify_that_user_isAble_delete_any_Question" time="29.968" classname="com.qait.tests.HomeworkTest"/>
  <testcase name="Login" time="24.521" classname="com.qait.tests.HomeworkTest"/>
  <testcase name="verify_CreateHomework_Link_isDisplayed" time="0.113" classname="com.qait.tests.HomeworkTest"/>
  <testcase name="verify_there_are_two_options_available_to_add_Questions" time="9.526" classname="com.qait.tests.HomeworkTest"/>
  <testcase name="verify_that_Correct_Number_ofQuestions_are_displayed_in_PreviewSection" time="29.577" classname="com.qait.tests.HomeworkTest"/>
  <testcase name="verify_test_is_Created_Successfully" time="35.605" classname="com.qait.tests.HomeworkTest"/>
  <testcase name="verify_RightSide_tabs" time="2.563" classname="com.qait.tests.HomeworkTest"/>
  <testcase name="validate_Dropdowns_Fields" time="1.843" classname="com.qait.tests.HomeworkTest"/>
  <testcase name="verify_CreateQuiz_fields" time="8.220" classname="com.qait.tests.HomeworkTest"/>
  <testcase name="verify_Questions_gets_displayed_onClicking_Apply" time="15.903" classname="com.qait.tests.HomeworkTest"/>
</testsuite> <!-- com.qait.tests.HomeworkTest -->
