<?xml version="1.0" encoding="UTF-8"?>
<!-- Generated by org.testng.reporters.JUnitReportReporter -->
<testsuite hostname="faizejafri-Vostro-15-3568" name="com.qait.tests.BasicCourseTest" tests="1" failures="0" timestamp="11 Mar 2021 04:38:15 GMT" time="18.133" errors="0">
  <testcase name="launchApplication" time="18.133" classname="com.qait.tests.BasicCourseTest"/>
</testsuite> <!-- com.qait.tests.BasicCourseTest -->
